
NOTICE Undefined offset: 1 /usr/local/cpanel/whostmgr/docroot/cgi/softaculous/enduser/main/functions.php 11450
NOTICE Undefined index: pgtimezone /usr/local/cpanel/whostmgr/docroot/cgi/softaculous/enduser/main/functions.php 68
WARNING
WARNING
WARNING
WARNING
WARNING
WARNING
WARNING
WARNING
WARNING
WARNING
WARNING
WARNING
WARNING
WARNING
WARNING
WARNING
WARNING
WARNING
WARNING
WARNING
WARNING
WARNING
WARNING
WARNING
WARNING
WARNING
WARNING
WARNING
WARNING
WARNING
WARNING
WARNING
WARNING
WARNING
WARNING
WARNING
NOTICE Undefined variable: __settings /usr/local/cpanel/whostmgr/docroot/cgi/softaculous/enduser/main/backup.php 721
WARNING
NOTICE Undefined offset: 1 /usr/local/cpanel/whostmgr/docroot/cgi/softaculous/enduser/main/functions.php 11450
NOTICE Undefined offset: 1 /usr/local/cpanel/whostmgr/docroot/cgi/softaculous/enduser/main/functions.php 4120
NOTICE Undefined offset: 1 /usr/local/cpanel/whostmgr/docroot/cgi/softaculous/enduser/main/functions.php 4124
NOTICE Undefined offset: 1 /usr/local/cpanel/whostmgr/docroot/cgi/softaculous/enduser/main/functions.php 4128
NOTICE Undefined offset: 1 /usr/local/cpanel/whostmgr/docroot/cgi/softaculous/enduser/main/functions.php 11452
NOTICE Undefined offset: 2 /usr/local/cpanel/whostmgr/docroot/cgi/softaculous/enduser/main/functions.php 11450
NOTICE Undefined offset: 2 /usr/local/cpanel/whostmgr/docroot/cgi/softaculous/enduser/main/functions.php 11450
NOTICE Undefined offset: 2 /usr/local/cpanel/whostmgr/docroot/cgi/softaculous/enduser/main/functions.php 11450
NOTICE Undefined offset: 2 /usr/local/cpanel/whostmgr/docroot/cgi/softaculous/enduser/main/functions.php 11450
NOTICE Undefined offset: 2 /usr/local/cpanel/whostmgr/docroot/cgi/softaculous/enduser/main/functions.php 11450
WARNING
WARNING
NOTICE preg_replace(): The /e modifier is deprecated, use preg_replace_callback instead /var/softaculous/wp/php56/upgrade.php 105
WARNING
NOTICE unserialize(): Error at offset 0 of 5 bytes /var/softaculous/wp/php56/extend.php 234
WARNING
WARNING
WARNING
WARNING
NOTICE Undefined index: Version /var/softaculous/wp/php56/extend.php 129
NOTICE Trying to get property of non-object /var/softaculous/wp/php56/extend.php 129
WARNING
NOTICE Undefined index: email /usr/local/cpanel/whostmgr/docroot/cgi/softaculous/enduser/main/functions.php 3705
NOTICE Undefined index: email /usr/local/cpanel/whostmgr/docroot/cgi/softaculous/enduser/main/functions.php 3707
NOTICE Undefined index: email /usr/local/cpanel/whostmgr/docroot/cgi/softaculous/enduser/main/functions.php 3622
NOTICE Undefined index: ins_email /usr/local/cpanel/whostmgr/docroot/cgi/softaculous/enduser/main/functions.php 3658
NOTICE Undefined index: rem_email /usr/local/cpanel/whostmgr/docroot/cgi/softaculous/enduser/main/functions.php 3658
NOTICE Undefined index: editdetail_email /usr/local/cpanel/whostmgr/docroot/cgi/softaculous/enduser/main/functions.php 3658
NOTICE Undefined index: backup_email /usr/local/cpanel/whostmgr/docroot/cgi/softaculous/enduser/main/functions.php 3658
NOTICE Undefined index: disable_restore_email /usr/local/cpanel/whostmgr/docroot/cgi/softaculous/enduser/main/functions.php 3658
NOTICE Undefined index: disable_clone_email /usr/local/cpanel/whostmgr/docroot/cgi/softaculous/enduser/main/functions.php 3658
NOTICE Undefined index: disable_all_notify_update /usr/local/cpanel/whostmgr/docroot/cgi/softaculous/enduser/main/functions.php 3658
NOTICE Undefined index: email_password_user /usr/local/cpanel/whostmgr/docroot/cgi/softaculous/enduser/main/functions.php 3658
NOTICE Undefined index: timezone /usr/local/cpanel/whostmgr/docroot/cgi/softaculous/enduser/main/functions.php 3658
NOTICE Undefined index: email /usr/local/cpanel/whostmgr/docroot/cgi/softaculous/enduser/main/functions.php 3658
NOTICE Undefined index: pfxapi_key /usr/local/cpanel/whostmgr/docroot/cgi/softaculous/enduser/main/functions.php 3658
NOTICE Undefined index: eula_accept /usr/local/cpanel/whostmgr/docroot/cgi/softaculous/enduser/main/functions.php 3658
NOTICE Undefined index: color_theme /usr/local/cpanel/whostmgr/docroot/cgi/softaculous/enduser/main/functions.php 3658
NOTICE Undefined index: user_defined_color /usr/local/cpanel/whostmgr/docroot/cgi/softaculous/enduser/main/functions.php 3658
NOTICE Undefined index: arrange_domain /usr/local/cpanel/whostmgr/docroot/cgi/softaculous/enduser/main/functions.php 3658
NOTICE Undefined index: default_backup_location /usr/local/cpanel/whostmgr/docroot/cgi/softaculous/enduser/main/functions.php 3658
NOTICE Undefined offset: 1 /usr/local/cpanel/whostmgr/docroot/cgi/softaculous/enduser/main/functions.php 11536
NOTICE Undefined index: pgtimezone /usr/local/cpanel/whostmgr/docroot/cgi/softaculous/enduser/main/functions.php 68
WARNING
WARNING
WARNING
WARNING
WARNING
WARNING
WARNING
WARNING
WARNING
WARNING
WARNING
WARNING
WARNING
WARNING
WARNING
WARNING
WARNING
WARNING
WARNING
WARNING
WARNING
WARNING
WARNING
WARNING
WARNING
WARNING
WARNING
WARNING
WARNING
WARNING
WARNING
WARNING
WARNING
WARNING
WARNING
WARNING
NOTICE Undefined variable: __settings /usr/local/cpanel/whostmgr/docroot/cgi/softaculous/enduser/main/backup.php 756
WARNING
NOTICE Undefined offset: 1 /usr/local/cpanel/whostmgr/docroot/cgi/softaculous/enduser/main/functions.php 11536
NOTICE Undefined offset: 1 /usr/local/cpanel/whostmgr/docroot/cgi/softaculous/enduser/main/functions.php 4127
NOTICE Undefined offset: 1 /usr/local/cpanel/whostmgr/docroot/cgi/softaculous/enduser/main/functions.php 4131
NOTICE Undefined offset: 1 /usr/local/cpanel/whostmgr/docroot/cgi/softaculous/enduser/main/functions.php 4135
NOTICE Undefined offset: 1 /usr/local/cpanel/whostmgr/docroot/cgi/softaculous/enduser/main/functions.php 4135
NOTICE Undefined offset: 1 /usr/local/cpanel/whostmgr/docroot/cgi/softaculous/enduser/main/functions.php 11538
NOTICE Undefined offset: 2 /usr/local/cpanel/whostmgr/docroot/cgi/softaculous/enduser/main/functions.php 11536
NOTICE Undefined offset: 2 /usr/local/cpanel/whostmgr/docroot/cgi/softaculous/enduser/main/functions.php 11536
NOTICE Undefined offset: 2 /usr/local/cpanel/whostmgr/docroot/cgi/softaculous/enduser/main/functions.php 11536
NOTICE Undefined offset: 2 /usr/local/cpanel/whostmgr/docroot/cgi/softaculous/enduser/main/functions.php 11536
NOTICE Undefined offset: 2 /usr/local/cpanel/whostmgr/docroot/cgi/softaculous/enduser/main/functions.php 11536
WARNING
WARNING
NOTICE Undefined offset: 4 /usr/local/cpanel/whostmgr/docroot/cgi/softaculous/enduser/main/functions.php 11536
WARNING
NOTICE unserialize(): Error at offset 0 of 5 bytes /var/softaculous/wp/php56/extend.php 236
WARNING
WARNING
WARNING
WARNING
NOTICE Undefined index: Version /var/softaculous/wp/php56/extend.php 129
NOTICE Trying to get property of non-object /var/softaculous/wp/php56/extend.php 129
WARNING
NOTICE Undefined index: email /usr/local/cpanel/whostmgr/docroot/cgi/softaculous/enduser/main/functions.php 3712
NOTICE Undefined index: email /usr/local/cpanel/whostmgr/docroot/cgi/softaculous/enduser/main/functions.php 3714
NOTICE Undefined index: email /usr/local/cpanel/whostmgr/docroot/cgi/softaculous/enduser/main/functions.php 3629
NOTICE Undefined index: ins_email /usr/local/cpanel/whostmgr/docroot/cgi/softaculous/enduser/main/functions.php 3665
NOTICE Undefined index: rem_email /usr/local/cpanel/whostmgr/docroot/cgi/softaculous/enduser/main/functions.php 3665
NOTICE Undefined index: editdetail_email /usr/local/cpanel/whostmgr/docroot/cgi/softaculous/enduser/main/functions.php 3665
NOTICE Undefined index: backup_email /usr/local/cpanel/whostmgr/docroot/cgi/softaculous/enduser/main/functions.php 3665
NOTICE Undefined index: disable_restore_email /usr/local/cpanel/whostmgr/docroot/cgi/softaculous/enduser/main/functions.php 3665
NOTICE Undefined index: disable_clone_email /usr/local/cpanel/whostmgr/docroot/cgi/softaculous/enduser/main/functions.php 3665
NOTICE Undefined index: disable_import_email /usr/local/cpanel/whostmgr/docroot/cgi/softaculous/enduser/main/functions.php 3665
NOTICE Undefined index: disable_all_notify_update /usr/local/cpanel/whostmgr/docroot/cgi/softaculous/enduser/main/functions.php 3665
NOTICE Undefined index: email_password_user /usr/local/cpanel/whostmgr/docroot/cgi/softaculous/enduser/main/functions.php 3665
NOTICE Undefined index: timezone /usr/local/cpanel/whostmgr/docroot/cgi/softaculous/enduser/main/functions.php 3665
NOTICE Undefined index: email /usr/local/cpanel/whostmgr/docroot/cgi/softaculous/enduser/main/functions.php 3665
NOTICE Undefined index: pfxapi_key /usr/local/cpanel/whostmgr/docroot/cgi/softaculous/enduser/main/functions.php 3665
NOTICE Undefined index: eula_accept /usr/local/cpanel/whostmgr/docroot/cgi/softaculous/enduser/main/functions.php 3665
NOTICE Undefined index: color_theme /usr/local/cpanel/whostmgr/docroot/cgi/softaculous/enduser/main/functions.php 3665
NOTICE Undefined index: user_defined_color /usr/local/cpanel/whostmgr/docroot/cgi/softaculous/enduser/main/functions.php 3665
NOTICE Undefined index: arrange_domain /usr/local/cpanel/whostmgr/docroot/cgi/softaculous/enduser/main/functions.php 3665
NOTICE Undefined index: default_backup_location /usr/local/cpanel/whostmgr/docroot/cgi/softaculous/enduser/main/functions.php 3665
NOTICE Undefined offset: 1 /usr/local/cpanel/whostmgr/docroot/cgi/softaculous/enduser/main/functions.php 11674
NOTICE Undefined index: pgtimezone /usr/local/cpanel/whostmgr/docroot/cgi/softaculous/enduser/main/functions.php 68
WARNING
WARNING
WARNING
WARNING
WARNING
WARNING
WARNING
WARNING
WARNING
WARNING
WARNING
WARNING
WARNING
WARNING
WARNING
WARNING
WARNING
WARNING
WARNING
WARNING
WARNING
WARNING
WARNING
WARNING
WARNING
WARNING
WARNING
WARNING
WARNING
WARNING
WARNING
WARNING
WARNING
WARNING
WARNING
WARNING
NOTICE Undefined variable: __settings /usr/local/cpanel/whostmgr/docroot/cgi/softaculous/enduser/main/backup.php 785
WARNING
NOTICE Undefined offset: 1 /usr/local/cpanel/whostmgr/docroot/cgi/softaculous/enduser/main/functions.php 11674
NOTICE Undefined offset: 1 /usr/local/cpanel/whostmgr/docroot/cgi/softaculous/enduser/main/functions.php 4134
NOTICE Undefined offset: 1 /usr/local/cpanel/whostmgr/docroot/cgi/softaculous/enduser/main/functions.php 4138
NOTICE Undefined offset: 1 /usr/local/cpanel/whostmgr/docroot/cgi/softaculous/enduser/main/functions.php 4142
NOTICE Undefined offset: 1 /usr/local/cpanel/whostmgr/docroot/cgi/softaculous/enduser/main/functions.php 4142
NOTICE Undefined offset: 1 /usr/local/cpanel/whostmgr/docroot/cgi/softaculous/enduser/main/functions.php 11676
NOTICE Undefined offset: 2 /usr/local/cpanel/whostmgr/docroot/cgi/softaculous/enduser/main/functions.php 11674
NOTICE Undefined offset: 2 /usr/local/cpanel/whostmgr/docroot/cgi/softaculous/enduser/main/functions.php 11674
NOTICE Undefined offset: 2 /usr/local/cpanel/whostmgr/docroot/cgi/softaculous/enduser/main/functions.php 11674
NOTICE Undefined offset: 2 /usr/local/cpanel/whostmgr/docroot/cgi/softaculous/enduser/main/functions.php 11674
NOTICE Undefined offset: 2 /usr/local/cpanel/whostmgr/docroot/cgi/softaculous/enduser/main/functions.php 11674
WARNING
WARNING
NOTICE Undefined offset: 4 /usr/local/cpanel/whostmgr/docroot/cgi/softaculous/enduser/main/functions.php 11674
NOTICE Undefined index: debug /usr/local/cpanel/whostmgr/docroot/cgi/softaculous/enduser/main/functions.php 8659
WARNING
NOTICE Undefined index: debug /usr/local/cpanel/whostmgr/docroot/cgi/softaculous/enduser/main/functions.php 8659
WARNING
WARNING
NOTICE unserialize(): Error at offset 0 of 5 bytes /var/softaculous/wp/php56/extend.php 236
WARNING
NOTICE Undefined index: debug /usr/local/cpanel/whostmgr/docroot/cgi/softaculous/enduser/main/functions.php 8659
WARNING
NOTICE Undefined index: debug /usr/local/cpanel/whostmgr/docroot/cgi/softaculous/enduser/main/functions.php 8659
WARNING
WARNING
WARNING
NOTICE Undefined index: Version /var/softaculous/wp/php56/extend.php 129
NOTICE Undefined property: stdClass::$version /var/softaculous/wp/php56/extend.php 129
NOTICE Undefined variable: ins /usr/local/cpanel/whostmgr/docroot/cgi/softaculous/enduser/main/restore.php 537
NOTICE Undefined variable: ins /usr/local/cpanel/whostmgr/docroot/cgi/softaculous/enduser/main/restore.php 613
NOTICE Undefined variable: ins /usr/local/cpanel/whostmgr/docroot/cgi/softaculous/enduser/main/restore.php 643
NOTICE Undefined variable: ins /usr/local/cpanel/whostmgr/docroot/cgi/softaculous/enduser/main/restore.php 728
NOTICE Undefined index: softdatadir /usr/local/cpanel/whostmgr/docroot/cgi/softaculous/enduser/main/restore.php 1166
NOTICE Undefined index: wwwdir /usr/local/cpanel/whostmgr/docroot/cgi/softaculous/enduser/main/restore.php 1170