
NOTICE Undefined index: name /usr/local/cpanel/whostmgr/docroot/cgi/softaculous/enduser/main/functions.php 3953
NOTICE Undefined offset: 1 /usr/local/cpanel/whostmgr/docroot/cgi/softaculous/enduser/main/functions.php 11230
NOTICE Undefined index: pgtimezone /usr/local/cpanel/whostmgr/docroot/cgi/softaculous/enduser/main/functions.php 68
NOTICE Undefined variable: result /usr/local/cpanel/whostmgr/docroot/cgi/softaculous/enduser/main/functions/mysql_functions.php 129
WARNING
WARNING
WARNING
NOTICE Undefined variable: __settings /usr/local/cpanel/whostmgr/docroot/cgi/softaculous/enduser/main/backup.php 686
WARNING
NOTICE Undefined offset: 1 /usr/local/cpanel/whostmgr/docroot/cgi/softaculous/enduser/main/functions.php 11230
NOTICE Undefined offset: 1 /usr/local/cpanel/whostmgr/docroot/cgi/softaculous/enduser/main/functions.php 4047
NOTICE Undefined offset: 1 /usr/local/cpanel/whostmgr/docroot/cgi/softaculous/enduser/main/functions.php 4051
NOTICE Undefined offset: 1 /usr/local/cpanel/whostmgr/docroot/cgi/softaculous/enduser/main/functions.php 4055
NOTICE Undefined offset: 1 /usr/local/cpanel/whostmgr/docroot/cgi/softaculous/enduser/main/functions.php 11232
NOTICE Undefined index: name /usr/local/cpanel/whostmgr/docroot/cgi/softaculous/enduser/hooks/pre_upgrade_cagefs.php 58
NOTICE Undefined index: name /usr/local/cpanel/whostmgr/docroot/cgi/softaculous/enduser/hooks/pre_upgrade_cagefs.php 70
NOTICE Undefined index: name /usr/local/cpanel/whostmgr/docroot/cgi/softaculous/enduser/hooks/pre_upgrade_cagefs.php 106
NOTICE Undefined offset: 2 /usr/local/cpanel/whostmgr/docroot/cgi/softaculous/enduser/main/functions.php 11230
NOTICE Undefined offset: 2 /usr/local/cpanel/whostmgr/docroot/cgi/softaculous/enduser/main/functions.php 11230
NOTICE Undefined offset: 2 /usr/local/cpanel/whostmgr/docroot/cgi/softaculous/enduser/main/functions.php 11230
NOTICE Undefined offset: 2 /usr/local/cpanel/whostmgr/docroot/cgi/softaculous/enduser/main/functions.php 11230
NOTICE Undefined offset: 2 /usr/local/cpanel/whostmgr/docroot/cgi/softaculous/enduser/main/functions.php 11230
WARNING
WARNING
NOTICE preg_replace(): The /e modifier is deprecated, use preg_replace_callback instead /var/softaculous/wp/php53/upgrade.php 103
NOTICE Array to string conversion /usr/local/cpanel/whostmgr/docroot/cgi/softaculous/enduser/main/functions.php 6267
NOTICE Array to string conversion /usr/local/cpanel/whostmgr/docroot/cgi/softaculous/enduser/main/functions.php 6267
WARNING
NOTICE unserialize(): Error at offset 0 of 5 bytes /var/softaculous/wp/php53/upgrade.php 262
WARNING
WARNING
WARNING
WARNING
NOTICE Undefined index: Version /var/softaculous/wp/php53/upgrade.php 171
NOTICE Trying to get property of non-object /var/softaculous/wp/php53/upgrade.php 171
WARNING
NOTICE Undefined index: email /usr/local/cpanel/whostmgr/docroot/cgi/softaculous/enduser/main/functions.php 3670
NOTICE Undefined index: email /usr/local/cpanel/whostmgr/docroot/cgi/softaculous/enduser/main/functions.php 3672
NOTICE Undefined index: email /usr/local/cpanel/whostmgr/docroot/cgi/softaculous/enduser/main/functions.php 3593
NOTICE Undefined index: ins_email /usr/local/cpanel/whostmgr/docroot/cgi/softaculous/enduser/main/functions.php 3623
NOTICE Undefined index: rem_email /usr/local/cpanel/whostmgr/docroot/cgi/softaculous/enduser/main/functions.php 3623
NOTICE Undefined index: editdetail_email /usr/local/cpanel/whostmgr/docroot/cgi/softaculous/enduser/main/functions.php 3623
NOTICE Undefined index: backup_email /usr/local/cpanel/whostmgr/docroot/cgi/softaculous/enduser/main/functions.php 3623
NOTICE Undefined index: disable_restore_email /usr/local/cpanel/whostmgr/docroot/cgi/softaculous/enduser/main/functions.php 3623
NOTICE Undefined index: disable_clone_email /usr/local/cpanel/whostmgr/docroot/cgi/softaculous/enduser/main/functions.php 3623
NOTICE Undefined index: disable_all_notify_update /usr/local/cpanel/whostmgr/docroot/cgi/softaculous/enduser/main/functions.php 3623
NOTICE Undefined index: email_password_user /usr/local/cpanel/whostmgr/docroot/cgi/softaculous/enduser/main/functions.php 3623
NOTICE Undefined index: timezone /usr/local/cpanel/whostmgr/docroot/cgi/softaculous/enduser/main/functions.php 3623
NOTICE Undefined index: email /usr/local/cpanel/whostmgr/docroot/cgi/softaculous/enduser/main/functions.php 3623
NOTICE Undefined index: pfxapi_key /usr/local/cpanel/whostmgr/docroot/cgi/softaculous/enduser/main/functions.php 3623
NOTICE Undefined index: eula_accept /usr/local/cpanel/whostmgr/docroot/cgi/softaculous/enduser/main/functions.php 3623
NOTICE Undefined index: color_theme /usr/local/cpanel/whostmgr/docroot/cgi/softaculous/enduser/main/functions.php 3623
NOTICE Undefined index: user_defined_color /usr/local/cpanel/whostmgr/docroot/cgi/softaculous/enduser/main/functions.php 3623
NOTICE Undefined index: arrange_domain /usr/local/cpanel/whostmgr/docroot/cgi/softaculous/enduser/main/functions.php 3623
NOTICE Undefined index: name /usr/local/cpanel/whostmgr/docroot/cgi/softaculous/enduser/main/functions.php 3977
NOTICE Undefined offset: 1 /usr/local/cpanel/whostmgr/docroot/cgi/softaculous/enduser/main/functions.php 11322
NOTICE Undefined index: pgtimezone /usr/local/cpanel/whostmgr/docroot/cgi/softaculous/enduser/main/functions.php 68
WARNING
WARNING
WARNING
WARNING
WARNING
WARNING
WARNING
WARNING
WARNING
WARNING
WARNING
WARNING
WARNING
WARNING
WARNING
WARNING
WARNING
WARNING
WARNING
WARNING
WARNING
WARNING
WARNING
WARNING
WARNING
WARNING
WARNING
WARNING
WARNING
WARNING
WARNING
WARNING
WARNING
WARNING
WARNING
WARNING
WARNING
WARNING
WARNING
WARNING
WARNING
WARNING
WARNING
WARNING
WARNING
WARNING
WARNING
WARNING
NOTICE Undefined variable: __settings /usr/local/cpanel/whostmgr/docroot/cgi/softaculous/enduser/main/backup.php 686
WARNING
NOTICE Undefined offset: 1 /usr/local/cpanel/whostmgr/docroot/cgi/softaculous/enduser/main/functions.php 11322
NOTICE Undefined offset: 1 /usr/local/cpanel/whostmgr/docroot/cgi/softaculous/enduser/main/functions.php 4071
NOTICE Undefined offset: 1 /usr/local/cpanel/whostmgr/docroot/cgi/softaculous/enduser/main/functions.php 4075
NOTICE Undefined offset: 1 /usr/local/cpanel/whostmgr/docroot/cgi/softaculous/enduser/main/functions.php 4079
NOTICE Undefined offset: 1 /usr/local/cpanel/whostmgr/docroot/cgi/softaculous/enduser/main/functions.php 11324
NOTICE Undefined index: name /usr/local/cpanel/whostmgr/docroot/cgi/softaculous/enduser/hooks/pre_upgrade_cagefs.php 58
NOTICE Undefined index: name /usr/local/cpanel/whostmgr/docroot/cgi/softaculous/enduser/hooks/pre_upgrade_cagefs.php 70
NOTICE Undefined index: name /usr/local/cpanel/whostmgr/docroot/cgi/softaculous/enduser/hooks/pre_upgrade_cagefs.php 106
NOTICE Undefined offset: 2 /usr/local/cpanel/whostmgr/docroot/cgi/softaculous/enduser/main/functions.php 11322
NOTICE Undefined offset: 2 /usr/local/cpanel/whostmgr/docroot/cgi/softaculous/enduser/main/functions.php 11322
NOTICE Undefined offset: 2 /usr/local/cpanel/whostmgr/docroot/cgi/softaculous/enduser/main/functions.php 11322
NOTICE Undefined offset: 2 /usr/local/cpanel/whostmgr/docroot/cgi/softaculous/enduser/main/functions.php 11322
NOTICE Undefined offset: 2 /usr/local/cpanel/whostmgr/docroot/cgi/softaculous/enduser/main/functions.php 11322
WARNING
WARNING
NOTICE Undefined index: name /usr/local/cpanel/whostmgr/docroot/cgi/softaculous/enduser/main/functions.php 4009
NOTICE Undefined offset: 1 /usr/local/cpanel/whostmgr/docroot/cgi/softaculous/enduser/main/functions.php 11375
NOTICE Undefined index: pgtimezone /usr/local/cpanel/whostmgr/docroot/cgi/softaculous/enduser/main/functions.php 68
WARNING
WARNING
WARNING
WARNING
WARNING
WARNING
WARNING
WARNING
WARNING
WARNING
WARNING
WARNING
WARNING
WARNING
WARNING
WARNING
WARNING
WARNING
WARNING
WARNING
WARNING
WARNING
WARNING
WARNING
WARNING
WARNING
WARNING
WARNING
WARNING
WARNING
WARNING
WARNING
WARNING
WARNING
WARNING
WARNING
WARNING
WARNING
WARNING
WARNING
WARNING
WARNING
WARNING
WARNING
WARNING
WARNING
WARNING
WARNING
NOTICE Undefined variable: __settings /usr/local/cpanel/whostmgr/docroot/cgi/softaculous/enduser/main/backup.php 713
WARNING
NOTICE Undefined offset: 1 /usr/local/cpanel/whostmgr/docroot/cgi/softaculous/enduser/main/functions.php 11375
NOTICE Undefined offset: 1 /usr/local/cpanel/whostmgr/docroot/cgi/softaculous/enduser/main/functions.php 4103
NOTICE Undefined offset: 1 /usr/local/cpanel/whostmgr/docroot/cgi/softaculous/enduser/main/functions.php 4107
NOTICE Undefined offset: 1 /usr/local/cpanel/whostmgr/docroot/cgi/softaculous/enduser/main/functions.php 4111
NOTICE Undefined offset: 1 /usr/local/cpanel/whostmgr/docroot/cgi/softaculous/enduser/main/functions.php 11377
NOTICE Undefined index: name /usr/local/cpanel/whostmgr/docroot/cgi/softaculous/enduser/hooks/pre_upgrade_cagefs.php 58
NOTICE Undefined index: name /usr/local/cpanel/whostmgr/docroot/cgi/softaculous/enduser/hooks/pre_upgrade_cagefs.php 70
NOTICE Undefined index: name /usr/local/cpanel/whostmgr/docroot/cgi/softaculous/enduser/hooks/pre_upgrade_cagefs.php 107
NOTICE Undefined offset: 2 /usr/local/cpanel/whostmgr/docroot/cgi/softaculous/enduser/main/functions.php 11375
NOTICE Undefined offset: 2 /usr/local/cpanel/whostmgr/docroot/cgi/softaculous/enduser/main/functions.php 11375
NOTICE Undefined offset: 2 /usr/local/cpanel/whostmgr/docroot/cgi/softaculous/enduser/main/functions.php 11375
NOTICE Undefined offset: 2 /usr/local/cpanel/whostmgr/docroot/cgi/softaculous/enduser/main/functions.php 11375
NOTICE Undefined offset: 2 /usr/local/cpanel/whostmgr/docroot/cgi/softaculous/enduser/main/functions.php 11375
WARNING
WARNING